c:\users\rm185559\onedrive - ncr voyix\documents\rma6\myyt\c_cpp_projects\lld_hld\03lld\parkinglot\parkinglotwithmultipleentryexit\x64\debug\vc143.pdb
c:\users\rm185559\onedrive - ncr voyix\documents\rma6\myyt\c_cpp_projects\lld_hld\03lld\parkinglot\parkinglotwithmultipleentryexit\x64\debug\vc143.idb
c:\users\rm185559\onedrive - ncr voyix\documents\rma6\myyt\c_cpp_projects\lld_hld\03lld\parkinglot\parkinglotwithmultipleentryexit\x64\debug\vehicleinfo.obj
c:\users\rm185559\onedrive - ncr voyix\documents\rma6\myyt\c_cpp_projects\lld_hld\03lld\parkinglot\parkinglotwithmultipleentryexit\x64\debug\ticket.obj
c:\users\rm185559\onedrive - ncr voyix\documents\rma6\myyt\c_cpp_projects\lld_hld\03lld\parkinglot\parkinglotwithmultipleentryexit\x64\debug\parkingslot.obj
c:\users\rm185559\onedrive - ncr voyix\documents\rma6\myyt\c_cpp_projects\lld_hld\03lld\parkinglot\parkinglotwithmultipleentryexit\x64\debug\parkinglot.obj
c:\users\rm185559\onedrive - ncr voyix\documents\rma6\myyt\c_cpp_projects\lld_hld\03lld\parkinglot\parkinglotwithmultipleentryexit\x64\debug\parkingfloor.obj
c:\users\rm185559\onedrive - ncr voyix\documents\rma6\myyt\c_cpp_projects\lld_hld\03lld\parkinglot\parkinglotwithmultipleentryexit\x64\debug\exit.obj
c:\users\rm185559\onedrive - ncr voyix\documents\rma6\myyt\c_cpp_projects\lld_hld\03lld\parkinglot\parkinglotwithmultipleentryexit\x64\debug\entry.obj
c:\users\rm185559\onedrive - ncr voyix\documents\rma6\myyt\c_cpp_projects\lld_hld\03lld\parkinglot\parkinglotwithmultipleentryexit\x64\debug\display.obj
c:\users\rm185559\onedrive - ncr voyix\documents\rma6\myyt\c_cpp_projects\lld_hld\03lld\parkinglot\parkinglotwithmultipleentryexit\x64\debug\client.obj
c:\users\rm185559\onedrive - ncr voyix\documents\rma6\myyt\c_cpp_projects\lld_hld\03lld\parkinglot\parkinglotwithmultipleentryexit\x64\debug\parkinglotwithmultipleentryexit.ilk
c:\users\rm185559\onedrive - ncr voyix\documents\rma6\myyt\c_cpp_projects\lld_hld\03lld\parkinglot\x64\debug\parkinglotwithmultipleentryexit.exe
c:\users\rm185559\onedrive - ncr voyix\documents\rma6\myyt\c_cpp_projects\lld_hld\03lld\parkinglot\x64\debug\parkinglotwithmultipleentryexit.pdb
c:\users\rm185559\onedrive - ncr voyix\documents\rma6\myyt\c_cpp_projects\lld_hld\03lld\parkinglot\parkinglotwithmultipleentryexit\x64\debug\parkingl.0a48aec5.tlog\cl.command.1.tlog
c:\users\rm185559\onedrive - ncr voyix\documents\rma6\myyt\c_cpp_projects\lld_hld\03lld\parkinglot\parkinglotwithmultipleentryexit\x64\debug\parkingl.0a48aec5.tlog\cl.items.tlog
c:\users\rm185559\onedrive - ncr voyix\documents\rma6\myyt\c_cpp_projects\lld_hld\03lld\parkinglot\parkinglotwithmultipleentryexit\x64\debug\parkingl.0a48aec5.tlog\cl.read.1.tlog
c:\users\rm185559\onedrive - ncr voyix\documents\rma6\myyt\c_cpp_projects\lld_hld\03lld\parkinglot\parkinglotwithmultipleentryexit\x64\debug\parkingl.0a48aec5.tlog\cl.write.1.tlog
c:\users\rm185559\onedrive - ncr voyix\documents\rma6\myyt\c_cpp_projects\lld_hld\03lld\parkinglot\parkinglotwithmultipleentryexit\x64\debug\parkingl.0a48aec5.tlog\link.command.1.tlog
c:\users\rm185559\onedrive - ncr voyix\documents\rma6\myyt\c_cpp_projects\lld_hld\03lld\parkinglot\parkinglotwithmultipleentryexit\x64\debug\parkingl.0a48aec5.tlog\link.read.1.tlog
c:\users\rm185559\onedrive - ncr voyix\documents\rma6\myyt\c_cpp_projects\lld_hld\03lld\parkinglot\parkinglotwithmultipleentryexit\x64\debug\parkingl.0a48aec5.tlog\link.write.1.tlog
