c:\users\rm185559\onedrive - ncr voyix\documents\rma6\myyt\c_cpp_projects\lld_hld\03lld\101elevatorsystem\elevatorsystem\x64\debug\vc143.pdb
c:\users\rm185559\onedrive - ncr voyix\documents\rma6\myyt\c_cpp_projects\lld_hld\03lld\101elevatorsystem\elevatorsystem\x64\debug\vc143.idb
c:\users\rm185559\onedrive - ncr voyix\documents\rma6\myyt\c_cpp_projects\lld_hld\03lld\101elevatorsystem\elevatorsystem\x64\debug\panels.obj
c:\users\rm185559\onedrive - ncr voyix\documents\rma6\myyt\c_cpp_projects\lld_hld\03lld\101elevatorsystem\elevatorsystem\x64\debug\lookalgo.obj
c:\users\rm185559\onedrive - ncr voyix\documents\rma6\myyt\c_cpp_projects\lld_hld\03lld\101elevatorsystem\elevatorsystem\x64\debug\liftfactory.obj
c:\users\rm185559\onedrive - ncr voyix\documents\rma6\myyt\c_cpp_projects\lld_hld\03lld\101elevatorsystem\elevatorsystem\x64\debug\client.obj
c:\users\rm185559\onedrive - ncr voyix\documents\rma6\myyt\c_cpp_projects\lld_hld\03lld\101elevatorsystem\elevatorsystem\x64\debug\lift.obj
c:\users\rm185559\onedrive - ncr voyix\documents\rma6\myyt\c_cpp_projects\lld_hld\03lld\101elevatorsystem\elevatorsystem\x64\debug\floor.obj
c:\users\rm185559\onedrive - ncr voyix\documents\rma6\myyt\c_cpp_projects\lld_hld\03lld\101elevatorsystem\elevatorsystem\x64\debug\door.obj
c:\users\rm185559\onedrive - ncr voyix\documents\rma6\myyt\c_cpp_projects\lld_hld\03lld\101elevatorsystem\elevatorsystem\x64\debug\display.obj
c:\users\rm185559\onedrive - ncr voyix\documents\rma6\myyt\c_cpp_projects\lld_hld\03lld\101elevatorsystem\elevatorsystem\x64\debug\buttons.obj
c:\users\rm185559\onedrive - ncr voyix\documents\rma6\myyt\c_cpp_projects\lld_hld\03lld\101elevatorsystem\elevatorsystem\x64\debug\elevatorsystem.obj
c:\users\rm185559\onedrive - ncr voyix\documents\rma6\myyt\c_cpp_projects\lld_hld\03lld\101elevatorsystem\elevatorsystem\x64\debug\dispatcher.obj
c:\users\rm185559\onedrive - ncr voyix\documents\rma6\myyt\c_cpp_projects\lld_hld\03lld\101elevatorsystem\elevatorsystem\x64\debug\controller.obj
c:\users\rm185559\onedrive - ncr voyix\documents\rma6\myyt\c_cpp_projects\lld_hld\03lld\101elevatorsystem\elevatorsystem\x64\debug\elevatorsystem.ilk
c:\users\rm185559\onedrive - ncr voyix\documents\rma6\myyt\c_cpp_projects\lld_hld\03lld\101elevatorsystem\elevatorsystem\x64\debug\elevatorsystem.exe
c:\users\rm185559\onedrive - ncr voyix\documents\rma6\myyt\c_cpp_projects\lld_hld\03lld\101elevatorsystem\elevatorsystem\x64\debug\elevatorsystem.pdb
c:\users\rm185559\onedrive - ncr voyix\documents\rma6\myyt\c_cpp_projects\lld_hld\03lld\101elevatorsystem\elevatorsystem\x64\debug\elevatorsystem.tlog\cl.command.1.tlog
c:\users\rm185559\onedrive - ncr voyix\documents\rma6\myyt\c_cpp_projects\lld_hld\03lld\101elevatorsystem\elevatorsystem\x64\debug\elevatorsystem.tlog\cl.items.tlog
c:\users\rm185559\onedrive - ncr voyix\documents\rma6\myyt\c_cpp_projects\lld_hld\03lld\101elevatorsystem\elevatorsystem\x64\debug\elevatorsystem.tlog\cl.read.1.tlog
c:\users\rm185559\onedrive - ncr voyix\documents\rma6\myyt\c_cpp_projects\lld_hld\03lld\101elevatorsystem\elevatorsystem\x64\debug\elevatorsystem.tlog\cl.write.1.tlog
c:\users\rm185559\onedrive - ncr voyix\documents\rma6\myyt\c_cpp_projects\lld_hld\03lld\101elevatorsystem\elevatorsystem\x64\debug\elevatorsystem.tlog\link.command.1.tlog
c:\users\rm185559\onedrive - ncr voyix\documents\rma6\myyt\c_cpp_projects\lld_hld\03lld\101elevatorsystem\elevatorsystem\x64\debug\elevatorsystem.tlog\link.read.1.tlog
c:\users\rm185559\onedrive - ncr voyix\documents\rma6\myyt\c_cpp_projects\lld_hld\03lld\101elevatorsystem\elevatorsystem\x64\debug\elevatorsystem.tlog\link.write.1.tlog
